{
"/Users/tonylefler/Documents/projects/home-project/app/components/task/task.ts":{"path":"/Users/tonylefler/Documents/projects/home-project/app/components/task/task.ts","s":{"1":1,"2":1,"3":1,"4":1,"5":0,"6":0,"7":0,"8":1,"9":1,"10":1,"11":1,"12":1,"13":1,"14":1,"15":1,"16":1,"17":1,"18":1,"19":1,"20":1,"21":1,"22":1,"23":1,"24":1,"25":1,"26":0,"27":0,"28":1,"29":0,"30":0,"31":0,"32":0,"33":0,"34":0,"35":0,"36":0,"37":0,"38":0,"39":0,"40":0,"41":1,"42":1,"43":1},"b":{"1":[1,1,1],"2":[1,0],"3":[0,0],"4":[1,0],"5":[1,1],"6":[0,0],"7":[0,0],"8":[0,0],"9":[0,0],"10":[1,0,0],"11":[1,1,1],"12":[1,0],"13":[1,1],"14":[0,0],"15":[0,0],"16":[0,0],"17":[0,0],"18":[0,0]},"f":{"1":1,"2":1,"3":1,"4":1,"5":1,"6":0,"7":0,"8":0,"9":0},"fnMap":{"1":{"name":"(anonymous_1)","line":2,"loc":{"start":{"line":2,"column":46},"end":{"line":2,"column":87}}},"2":{"name":"(anonymous_2)","line":8,"loc":{"start":{"line":8,"column":46},"end":{"line":8,"column":62}}},"3":{"name":"(anonymous_3)","line":15,"loc":{"start":{"line":15,"column":21},"end":{"line":15,"column":33}}},"4":{"name":"TaskComponent","line":16,"loc":{"start":{"line":16,"column":4},"end":{"line":16,"column":56}}},"5":{"name":"(anonymous_5)","line":23,"loc":{"start":{"line":23,"column":39},"end":{"line":23,"column":51}}},"6":{"name":"(anonymous_6)","line":27,"loc":{"start":{"line":27,"column":48},"end":{"line":27,"column":61}}},"7":{"name":"(anonymous_7)","line":32,"loc":{"start":{"line":32,"column":41},"end":{"line":32,"column":53}}},"8":{"name":"(anonymous_8)","line":38,"loc":{"start":{"line":38,"column":77},"end":{"line":38,"column":92}}},"9":{"name":"(anonymous_9)","line":41,"loc":{"start":{"line":41,"column":15},"end":{"line":41,"column":30}}}},"statementMap":{"1":{"start":{"line":2,"column":0},"end":{"line":7,"column":2}},"2":{"start":{"line":3,"column":4},"end":{"line":3,"column":129}},"3":{"start":{"line":4,"column":4},"end":{"line":5,"column":150}},"4":{"start":{"line":4,"column":79},"end":{"line":4,"column":131}},"5":{"start":{"line":5,"column":9},"end":{"line":5,"column":150}},"6":{"start":{"line":5,"column":58},"end":{"line":5,"column":150}},"7":{"start":{"line":5,"column":81},"end":{"line":5,"column":150}},"8":{"start":{"line":6,"column":4},"end":{"line":6,"column":66}},"9":{"start":{"line":8,"column":0},"end":{"line":10,"column":2}},"10":{"start":{"line":9,"column":4},"end":{"line":9,"column":109}},"11":{"start":{"line":9,"column":79},"end":{"line":9,"column":109}},"12":{"start":{"line":11,"column":0},"end":{"line":11,"column":38}},"13":{"start":{"line":12,"column":0},"end":{"line":12,"column":39}},"14":{"start":{"line":13,"column":0},"end":{"line":13,"column":47}},"15":{"start":{"line":14,"column":0},"end":{"line":14,"column":54}},"16":{"start":{"line":15,"column":0},"end":{"line":61,"column":5}},"17":{"start":{"line":16,"column":4},"end":{"line":22,"column":5}},"18":{"start":{"line":17,"column":8},"end":{"line":17,"column":39}},"19":{"start":{"line":18,"column":8},"end":{"line":18,"column":45}},"20":{"start":{"line":19,"column":8},"end":{"line":19,"column":28}},"21":{"start":{"line":20,"column":8},"end":{"line":20,"column":36}},"22":{"start":{"line":21,"column":8},"end":{"line":21,"column":24}},"23":{"start":{"line":23,"column":4},"end":{"line":25,"column":6}},"24":{"start":{"line":24,"column":8},"end":{"line":24,"column":47}},"25":{"start":{"line":27,"column":4},"end":{"line":31,"column":6}},"26":{"start":{"line":28,"column":8},"end":{"line":30,"column":9}},"27":{"start":{"line":29,"column":12},"end":{"line":29,"column":30}},"28":{"start":{"line":32,"column":4},"end":{"line":50,"column":6}},"29":{"start":{"line":33,"column":8},"end":{"line":33,"column":25}},"30":{"start":{"line":34,"column":8},"end":{"line":49,"column":9}},"31":{"start":{"line":35,"column":12},"end":{"line":35,"column":45}},"32":{"start":{"line":36,"column":12},"end":{"line":36,"column":32}},"33":{"start":{"line":37,"column":12},"end":{"line":37,"column":71}},"34":{"start":{"line":38,"column":12},"end":{"line":46,"column":15}},"35":{"start":{"line":39,"column":16},"end":{"line":39,"column":33}},"36":{"start":{"line":40,"column":16},"end":{"line":40,"column":98}},"37":{"start":{"line":43,"column":16},"end":{"line":43,"column":46}},"38":{"start":{"line":44,"column":16},"end":{"line":44,"column":48}},"39":{"start":{"line":45,"column":16},"end":{"line":45,"column":93}},"40":{"start":{"line":48,"column":13},"end":{"line":49,"column":9}},"41":{"start":{"line":52,"column":4},"end":{"line":59,"column":22}},"42":{"start":{"line":60,"column":4},"end":{"line":60,"column":25}},"43":{"start":{"line":62,"column":0},"end":{"line":62,"column":38}}},"branchMap":{"1":{"line":2,"type":"binary-expr","locations":[{"start":{"line":2,"column":18},"end":{"line":2,"column":22}},{"start":{"line":2,"column":26},"end":{"line":2,"column":41}},{"start":{"line":2,"column":46},"end":{"line":7,"column":1}}]},"2":{"line":3,"type":"cond-expr","locations":[{"start":{"line":3,"column":42},"end":{"line":3,"column":48}},{"start":{"line":3,"column":51},"end":{"line":3,"column":125}}]},"3":{"line":3,"type":"cond-expr","locations":[{"start":{"line":3,"column":67},"end":{"line":3,"column":118}},{"start":{"line":3,"column":121},"end":{"line":3,"column":125}}]},"4":{"line":4,"type":"if","locations":[{"start":{"line":4,"column":4},"end":{"line":4,"column":4}},{"start":{"line":4,"column":4},"end":{"line":4,"column":4}}]},"5":{"line":4,"type":"binary-expr","locations":[{"start":{"line":4,"column":8},"end":{"line":4,"column":35}},{"start":{"line":4,"column":39},"end":{"line":4,"column":77}}]},"6":{"line":5,"type":"if","locations":[{"start":{"line":5,"column":58},"end":{"line":5,"column":58}},{"start":{"line":5,"column":58},"end":{"line":5,"column":58}}]},"7":{"line":5,"type":"binary-expr","locations":[{"start":{"line":5,"column":86},"end":{"line":5,"column":143}},{"start":{"line":5,"column":148},"end":{"line":5,"column":149}}]},"8":{"line":5,"type":"cond-expr","locations":[{"start":{"line":5,"column":94},"end":{"line":5,"column":98}},{"start":{"line":5,"column":101},"end":{"line":5,"column":143}}]},"9":{"line":5,"type":"cond-expr","locations":[{"start":{"line":5,"column":109},"end":{"line":5,"column":126}},{"start":{"line":5,"column":129},"end":{"line":5,"column":143}}]},"10":{"line":6,"type":"binary-expr","locations":[{"start":{"line":6,"column":11},"end":{"line":6,"column":16}},{"start":{"line":6,"column":20},"end":{"line":6,"column":21}},{"start":{"line":6,"column":25},"end":{"line":6,"column":62}}]},"11":{"line":8,"type":"binary-expr","locations":[{"start":{"line":8,"column":18},"end":{"line":8,"column":22}},{"start":{"line":8,"column":26},"end":{"line":8,"column":41}},{"start":{"line":8,"column":46},"end":{"line":10,"column":1}}]},"12":{"line":9,"type":"if","locations":[{"start":{"line":9,"column":4},"end":{"line":9,"column":4}},{"start":{"line":9,"column":4},"end":{"line":9,"column":4}}]},"13":{"line":9,"type":"binary-expr","locations":[{"start":{"line":9,"column":8},"end":{"line":9,"column":35}},{"start":{"line":9,"column":39},"end":{"line":9,"column":77}}]},"14":{"line":28,"type":"if","locations":[{"start":{"line":28,"column":8},"end":{"line":28,"column":8}},{"start":{"line":28,"column":8},"end":{"line":28,"column":8}}]},"15":{"line":34,"type":"if","locations":[{"start":{"line":34,"column":8},"end":{"line":34,"column":8}},{"start":{"line":34,"column":8},"end":{"line":34,"column":8}}]},"16":{"line":34,"type":"binary-expr","locations":[{"start":{"line":34,"column":12},"end":{"line":34,"column":32}},{"start":{"line":34,"column":36},"end":{"line":34,"column":57}}]},"17":{"line":38,"type":"binary-expr","locations":[{"start":{"line":38,"column":40},"end":{"line":38,"column":51}},{"start":{"line":38,"column":55},"end":{"line":38,"column":65}}]},"18":{"line":48,"type":"if","locations":[{"start":{"line":48,"column":13},"end":{"line":48,"column":13}},{"start":{"line":48,"column":13},"end":{"line":48,"column":13}}]}},"code":["\"use strict\";","var __decorate = (this && this.__decorate) || function (decorators, target, key, desc) {","    var c = arguments.length, r = c < 3 ? target : desc === null ? desc = Object.getOwnPropertyDescriptor(target, key) : desc, d;","    if (typeof Reflect === \"object\" && typeof Reflect.decorate === \"function\") r = Reflect.decorate(decorators, target, key, desc);","    else for (var i = decorators.length - 1; i >= 0; i--) if (d = decorators[i]) r = (c < 3 ? d(r) : c > 3 ? d(target, key, r) : d(target, key)) || r;","    return c > 3 && r && Object.defineProperty(target, key, r), r;","};","var __metadata = (this && this.__metadata) || function (k, v) {","    if (typeof Reflect === \"object\" && typeof Reflect.metadata === \"function\") return Reflect.metadata(k, v);","};","var core_1 = require('@angular/core');","var task_svc_1 = require(\"./task-svc\");","var task_item_ts_1 = require('./task-item.ts');","var toaster_svc_1 = require('../toaster/toaster-svc');","var TaskComponent = (function () {","    function TaskComponent(taskService, toasterService) {","        this.taskService = taskService;","        this.toasterService = toasterService;","        this.taskInput = '';","        this.componentError = false;","        this.getTasks();","    }","    TaskComponent.prototype.getTasks = function () {","        this.taskService.getTask().subscribe();","    };","    ;","    TaskComponent.prototype.createTaskOnEnter = function (e) {","        if (e.keyCode == 13) {","            this.createTask();","        }","    };","    TaskComponent.prototype.createTask = function () {","        var _this = this;","        if (!this.componentError && this.taskInput.length) {","            var taskInput_1 = this.taskInput;","            this.taskInput = '';","            this.taskService.tasks.unshift({ task_name: taskInput_1 });","            this.taskService.createTask(taskInput_1 || 'Untitled').subscribe(function (res) {","                _this.getTasks();","                _this.toasterService.success(\"Successfully created task \\\"\" + taskInput_1 + \"\\\"\");","            }, function (err) {","                // put everything back to how it was","                _this.taskInput = taskInput_1;","                _this.taskService.tasks.shift();","                _this.toasterService.error(\"Unable to add the task \\\"\" + taskInput_1 + \"\\\"\");","            });","        }","        else if (!this.taskInput.length) {","        }","    };","    ;","    TaskComponent = __decorate([","        core_1.Component({","            selector: 'task',","            directives: [task_item_ts_1.TaskItem],","            template: \"\\n        <div class=\\\"task-view\\\"></div>\\n        <div class=\\\"task-view-overlay\\\">\\n            <div class=\\\"container\\\">\\n                <div class=\\\"task-header\\\">Tasks</div>\\n                <div class=\\\"task-add\\\" [ngClass]=\\\"{'task-add--error': componentError}\\\">\\n                    <button class=\\\"task-add__button btn btn-primary\\\" (click)=\\\"createTask()\\\">Create Task</button>\\n                    <div class=\\\"task-add__input\\\">\\n                        <input type=\\\"text\\\" placeholder=\\\"Task Name\\\" [(ngModel)]=\\\"taskInput\\\" (keydown)=\\\"createTaskOnEnter($event)\\\">\\n                    </div>\\n                </div>\\n                \\n                <div class=\\\"task-message\\\" [hidden]=\\\"taskService.tasks.length || componentError\\\">No tasks! Why don't you make some?</div>\\n                <div class=\\\"task-message\\\" [hidden]=\\\"!componentError\\\">Whoops, there was an issue talking to the API</div>\\n                \\n                <div class=\\\"task-item-container\\\">\\n                    <task-item *ngFor=\\\"let task of taskService.tasks; let i = index\\\"\\n                               [task]=\\\"task\\\"\\n                               [taskIndex]=\\\"i\\\"\\n                               [taskNumber]=\\\"taskService.tasks.length-(i)\\\"></task-item>\\n                </div>\\n            </div>\\n        </div>\\n    \"","        }), ","        __metadata('design:paramtypes', [task_svc_1.TaskService, toaster_svc_1.ToasterService])","    ], TaskComponent);","    return TaskComponent;","}());","exports.TaskComponent = TaskComponent;",""],"l":{"2":1,"3":1,"4":1,"5":0,"6":1,"8":1,"9":1,"11":1,"12":1,"13":1,"14":1,"15":1,"16":1,"17":1,"18":1,"19":1,"20":1,"21":1,"23":1,"24":1,"27":1,"28":0,"29":0,"32":1,"33":0,"34":0,"35":0,"36":0,"37":0,"38":0,"39":0,"40":0,"43":0,"44":0,"45":0,"48":0,"52":1,"60":1,"62":1}},
"/Users/tonylefler/Documents/projects/home-project/app/components/task/task-svc.ts":{"path":"/Users/tonylefler/Documents/projects/home-project/app/components/task/task-svc.ts","s":{"1":1,"2":1,"3":1,"4":1,"5":0,"6":0,"7":0,"8":1,"9":1,"10":1,"11":1,"12":1,"13":1,"14":1,"15":1,"16":1,"17":1,"18":1,"19":1,"20":1,"21":1,"22":1,"23":1,"24":0,"25":0,"26":1,"27":0,"28":0,"29":0,"30":1,"31":0,"32":0,"33":0,"34":1,"35":0,"36":0,"37":1,"38":0,"39":0,"40":1,"41":0,"42":0,"43":0,"44":1,"45":1,"46":1},"b":{"1":[1,1,1],"2":[1,0],"3":[0,0],"4":[1,0],"5":[1,1],"6":[0,0],"7":[0,0],"8":[0,0],"9":[0,0],"10":[1,0,0],"11":[1,1,1],"12":[1,0],"13":[1,1],"14":[0,0],"15":[0,0],"16":[0,0]},"f":{"1":1,"2":1,"3":1,"4":1,"5":1,"6":0,"7":0,"8":0,"9":0,"10":0,"11":0,"12":0},"fnMap":{"1":{"name":"(anonymous_1)","line":2,"loc":{"start":{"line":2,"column":46},"end":{"line":2,"column":87}}},"2":{"name":"(anonymous_2)","line":8,"loc":{"start":{"line":8,"column":46},"end":{"line":8,"column":62}}},"3":{"name":"(anonymous_3)","line":14,"loc":{"start":{"line":14,"column":19},"end":{"line":14,"column":31}}},"4":{"name":"TaskService","line":15,"loc":{"start":{"line":15,"column":4},"end":{"line":15,"column":31}}},"5":{"name":"(anonymous_5)","line":21,"loc":{"start":{"line":21,"column":36},"end":{"line":21,"column":48}}},"6":{"name":"(anonymous_6)","line":30,"loc":{"start":{"line":30,"column":17},"end":{"line":30,"column":32}}},"7":{"name":"(anonymous_7)","line":31,"loc":{"start":{"line":31,"column":17},"end":{"line":31,"column":32}}},"8":{"name":"(anonymous_8)","line":37,"loc":{"start":{"line":37,"column":39},"end":{"line":37,"column":59}}},"9":{"name":"(anonymous_9)","line":49,"loc":{"start":{"line":49,"column":39},"end":{"line":49,"column":67}}},"10":{"name":"(anonymous_10)","line":61,"loc":{"start":{"line":61,"column":39},"end":{"line":61,"column":57}}},"11":{"name":"(anonymous_11)","line":71,"loc":{"start":{"line":71,"column":39},"end":{"line":71,"column":54}}},"12":{"name":"(anonymous_12)","line":75,"loc":{"start":{"line":75,"column":40},"end":{"line":75,"column":57}}}},"statementMap":{"1":{"start":{"line":2,"column":0},"end":{"line":7,"column":2}},"2":{"start":{"line":3,"column":4},"end":{"line":3,"column":129}},"3":{"start":{"line":4,"column":4},"end":{"line":5,"column":150}},"4":{"start":{"line":4,"column":79},"end":{"line":4,"column":131}},"5":{"start":{"line":5,"column":9},"end":{"line":5,"column":150}},"6":{"start":{"line":5,"column":58},"end":{"line":5,"column":150}},"7":{"start":{"line":5,"column":81},"end":{"line":5,"column":150}},"8":{"start":{"line":6,"column":4},"end":{"line":6,"column":66}},"9":{"start":{"line":8,"column":0},"end":{"line":10,"column":2}},"10":{"start":{"line":9,"column":4},"end":{"line":9,"column":109}},"11":{"start":{"line":9,"column":79},"end":{"line":9,"column":109}},"12":{"start":{"line":11,"column":0},"end":{"line":11,"column":38}},"13":{"start":{"line":12,"column":0},"end":{"line":12,"column":38}},"14":{"start":{"line":13,"column":0},"end":{"line":13,"column":46}},"15":{"start":{"line":14,"column":0},"end":{"line":86,"column":5}},"16":{"start":{"line":15,"column":4},"end":{"line":19,"column":5}},"17":{"start":{"line":16,"column":8},"end":{"line":16,"column":25}},"18":{"start":{"line":17,"column":8},"end":{"line":17,"column":24}},"19":{"start":{"line":18,"column":8},"end":{"line":18,"column":60}},"20":{"start":{"line":21,"column":4},"end":{"line":35,"column":6}},"21":{"start":{"line":22,"column":8},"end":{"line":22,"column":25}},"22":{"start":{"line":23,"column":8},"end":{"line":26,"column":11}},"23":{"start":{"line":27,"column":8},"end":{"line":34,"column":37}},"24":{"start":{"line":30,"column":34},"end":{"line":30,"column":55}},"25":{"start":{"line":32,"column":12},"end":{"line":32,"column":30}},"26":{"start":{"line":37,"column":4},"end":{"line":47,"column":6}},"27":{"start":{"line":38,"column":8},"end":{"line":38,"column":54}},"28":{"start":{"line":39,"column":8},"end":{"line":42,"column":11}},"29":{"start":{"line":43,"column":8},"end":{"line":46,"column":37}},"30":{"start":{"line":49,"column":4},"end":{"line":59,"column":6}},"31":{"start":{"line":50,"column":8},"end":{"line":50,"column":54}},"32":{"start":{"line":51,"column":8},"end":{"line":54,"column":11}},"33":{"start":{"line":55,"column":8},"end":{"line":58,"column":37}},"34":{"start":{"line":61,"column":4},"end":{"line":69,"column":6}},"35":{"start":{"line":62,"column":8},"end":{"line":64,"column":11}},"36":{"start":{"line":65,"column":8},"end":{"line":68,"column":37}},"37":{"start":{"line":71,"column":4},"end":{"line":74,"column":6}},"38":{"start":{"line":72,"column":8},"end":{"line":72,"column":30}},"39":{"start":{"line":73,"column":8},"end":{"line":73,"column":31}},"40":{"start":{"line":75,"column":4},"end":{"line":80,"column":6}},"41":{"start":{"line":76,"column":8},"end":{"line":77,"column":84}},"42":{"start":{"line":78,"column":8},"end":{"line":78,"column":30}},"43":{"start":{"line":79,"column":8},"end":{"line":79,"column":53}},"44":{"start":{"line":81,"column":4},"end":{"line":84,"column":20}},"45":{"start":{"line":85,"column":4},"end":{"line":85,"column":23}},"46":{"start":{"line":87,"column":0},"end":{"line":87,"column":34}}},"branchMap":{"1":{"line":2,"type":"binary-expr","locations":[{"start":{"line":2,"column":18},"end":{"line":2,"column":22}},{"start":{"line":2,"column":26},"end":{"line":2,"column":41}},{"start":{"line":2,"column":46},"end":{"line":7,"column":1}}]},"2":{"line":3,"type":"cond-expr","locations":[{"start":{"line":3,"column":42},"end":{"line":3,"column":48}},{"start":{"line":3,"column":51},"end":{"line":3,"column":125}}]},"3":{"line":3,"type":"cond-expr","locations":[{"start":{"line":3,"column":67},"end":{"line":3,"column":118}},{"start":{"line":3,"column":121},"end":{"line":3,"column":125}}]},"4":{"line":4,"type":"if","locations":[{"start":{"line":4,"column":4},"end":{"line":4,"column":4}},{"start":{"line":4,"column":4},"end":{"line":4,"column":4}}]},"5":{"line":4,"type":"binary-expr","locations":[{"start":{"line":4,"column":8},"end":{"line":4,"column":35}},{"start":{"line":4,"column":39},"end":{"line":4,"column":77}}]},"6":{"line":5,"type":"if","locations":[{"start":{"line":5,"column":58},"end":{"line":5,"column":58}},{"start":{"line":5,"column":58},"end":{"line":5,"column":58}}]},"7":{"line":5,"type":"binary-expr","locations":[{"start":{"line":5,"column":86},"end":{"line":5,"column":143}},{"start":{"line":5,"column":148},"end":{"line":5,"column":149}}]},"8":{"line":5,"type":"cond-expr","locations":[{"start":{"line":5,"column":94},"end":{"line":5,"column":98}},{"start":{"line":5,"column":101},"end":{"line":5,"column":143}}]},"9":{"line":5,"type":"cond-expr","locations":[{"start":{"line":5,"column":109},"end":{"line":5,"column":126}},{"start":{"line":5,"column":129},"end":{"line":5,"column":143}}]},"10":{"line":6,"type":"binary-expr","locations":[{"start":{"line":6,"column":11},"end":{"line":6,"column":16}},{"start":{"line":6,"column":20},"end":{"line":6,"column":21}},{"start":{"line":6,"column":25},"end":{"line":6,"column":62}}]},"11":{"line":8,"type":"binary-expr","locations":[{"start":{"line":8,"column":18},"end":{"line":8,"column":22}},{"start":{"line":8,"column":26},"end":{"line":8,"column":41}},{"start":{"line":8,"column":46},"end":{"line":10,"column":1}}]},"12":{"line":9,"type":"if","locations":[{"start":{"line":9,"column":4},"end":{"line":9,"column":4}},{"start":{"line":9,"column":4},"end":{"line":9,"column":4}}]},"13":{"line":9,"type":"binary-expr","locations":[{"start":{"line":9,"column":8},"end":{"line":9,"column":35}},{"start":{"line":9,"column":39},"end":{"line":9,"column":77}}]},"14":{"line":73,"type":"binary-expr","locations":[{"start":{"line":73,"column":15},"end":{"line":73,"column":24}},{"start":{"line":73,"column":28},"end":{"line":73,"column":30}}]},"15":{"line":76,"type":"cond-expr","locations":[{"start":{"line":76,"column":39},"end":{"line":76,"column":52}},{"start":{"line":77,"column":12},"end":{"line":77,"column":83}}]},"16":{"line":77,"type":"cond-expr","locations":[{"start":{"line":77,"column":27},"end":{"line":77,"column":66}},{"start":{"line":77,"column":69},"end":{"line":77,"column":83}}]}},"code":["\"use strict\";","var __decorate = (this && this.__decorate) || function (decorators, target, key, desc) {","    var c = arguments.length, r = c < 3 ? target : desc === null ? desc = Object.getOwnPropertyDescriptor(target, key) : desc, d;","    if (typeof Reflect === \"object\" && typeof Reflect.decorate === \"function\") r = Reflect.decorate(decorators, target, key, desc);","    else for (var i = decorators.length - 1; i >= 0; i--) if (d = decorators[i]) r = (c < 3 ? d(r) : c > 3 ? d(target, key, r) : d(target, key)) || r;","    return c > 3 && r && Object.defineProperty(target, key, r), r;","};","var __metadata = (this && this.__metadata) || function (k, v) {","    if (typeof Reflect === \"object\" && typeof Reflect.metadata === \"function\") return Reflect.metadata(k, v);","};","var core_1 = require('@angular/core');","var http_1 = require('@angular/http');","var Observable_1 = require('rxjs/Observable');","var TaskService = (function () {","    function TaskService(http) {","        this.http = http;","        this.tasks = [];","        this.apiUrl = 'http://homework.avantlink.com/tasks';","    }","    ;","    TaskService.prototype.getTask = function () {","        var _this = this;","        var headers = new http_1.Headers({","            'Application-ID': 'cbba140e-539e-11e6-9168-0a5449992ecf',","            'Content-Type': 'application/json'","        });","        return this.http","            .get(this.apiUrl, { headers: headers })","            .map(this.unwrapData)","            .map(function (res) { return res.reverse(); })","            .map(function (res) {","            _this.tasks = res;","        })","            .catch(this.handleError);","    };","    ;","    TaskService.prototype.createTask = function (taskName) {","        var body = JSON.stringify({ name: taskName });","        var headers = new http_1.Headers({","            'Application-ID': 'cbba140e-539e-11e6-9168-0a5449992ecf',","            'Content-Type': 'application/json'","        });","        return this.http","            .post(this.apiUrl, body, { headers: headers })","            .map(this.unwrapData)","            .catch(this.handleError);","    };","    ;","    TaskService.prototype.updateTask = function (taskName, taskId) {","        var body = JSON.stringify({ name: taskName });","        var headers = new http_1.Headers({","            'Application-ID': 'cbba140e-539e-11e6-9168-0a5449992ecf',","            'Content-Type': 'application/json'","        });","        return this.http","            .put(this.apiUrl + \"?id=\" + taskId, body, { headers: headers })","            .map(this.unwrapData)","            .catch(this.handleError);","    };","    ;","    TaskService.prototype.removeTask = function (taskId) {","        var headers = new http_1.Headers({","            'Application-ID': 'cbba140e-539e-11e6-9168-0a5449992ecf'","        });","        return this.http","            .delete(this.apiUrl + \"?id=\" + taskId, { headers: headers })","            .map(this.unwrapData)","            .catch(this.handleError);","    };","    ;","    TaskService.prototype.unwrapData = function (res) {","        var body = res.json();","        return body.data || {};","    };","    TaskService.prototype.handleError = function (error) {","        var errMsg = (error.message) ? error.message :","            error.status ? error.status + \" - \" + error.statusText : \"Server Error\";","        console.error(errMsg);","        return Observable_1.Observable.throw(errMsg);","    };","    TaskService = __decorate([","        core_1.Injectable(), ","        __metadata('design:paramtypes', [http_1.Http])","    ], TaskService);","    return TaskService;","}());","exports.TaskService = TaskService;",""],"l":{"2":1,"3":1,"4":1,"5":0,"6":1,"8":1,"9":1,"11":1,"12":1,"13":1,"14":1,"15":1,"16":1,"17":1,"18":1,"21":1,"22":1,"23":1,"27":1,"30":0,"32":0,"37":1,"38":0,"39":0,"43":0,"49":1,"50":0,"51":0,"55":0,"61":1,"62":0,"65":0,"71":1,"72":0,"73":0,"75":1,"76":0,"78":0,"79":0,"81":1,"85":1,"87":1}},
"/Users/tonylefler/Documents/projects/home-project/app/components/task/task-item.ts":{"path":"/Users/tonylefler/Documents/projects/home-project/app/components/task/task-item.ts","s":{"1":1,"2":4,"3":4,"4":4,"5":0,"6":0,"7":0,"8":4,"9":1,"10":4,"11":4,"12":1,"13":1,"14":1,"15":1,"16":1,"17":1,"18":0,"19":0,"20":0,"21":0,"22":0,"23":0,"24":0,"25":0,"26":0,"27":0,"28":0,"29":0,"30":1,"31":0,"32":1,"33":0,"34":0,"35":0,"36":0,"37":0,"38":0,"39":0,"40":0,"41":1,"42":1,"43":1,"44":1,"45":1,"46":1},"b":{"1":[1,1,1],"2":[1,3],"3":[0,3],"4":[4,0],"5":[4,4],"6":[0,0],"7":[0,0],"8":[0,0],"9":[0,0],"10":[4,3,0],"11":[1,1,1],"12":[4,0],"13":[4,4],"14":[0,0]},"f":{"1":4,"2":4,"3":1,"4":0,"5":0,"6":0,"7":0,"8":0,"9":0,"10":0,"11":0},"fnMap":{"1":{"name":"(anonymous_1)","line":2,"loc":{"start":{"line":2,"column":46},"end":{"line":2,"column":87}}},"2":{"name":"(anonymous_2)","line":8,"loc":{"start":{"line":8,"column":46},"end":{"line":8,"column":62}}},"3":{"name":"(anonymous_3)","line":15,"loc":{"start":{"line":15,"column":16},"end":{"line":15,"column":28}}},"4":{"name":"TaskItem","line":16,"loc":{"start":{"line":16,"column":4},"end":{"line":16,"column":51}}},"5":{"name":"(anonymous_5)","line":23,"loc":{"start":{"line":23,"column":43},"end":{"line":23,"column":55}}},"6":{"name":"(anonymous_6)","line":24,"loc":{"start":{"line":24,"column":102},"end":{"line":24,"column":117}}},"7":{"name":"(anonymous_7)","line":27,"loc":{"start":{"line":27,"column":15},"end":{"line":27,"column":30}}},"8":{"name":"(anonymous_8)","line":33,"loc":{"start":{"line":33,"column":34},"end":{"line":33,"column":46}}},"9":{"name":"(anonymous_9)","line":36,"loc":{"start":{"line":36,"column":36},"end":{"line":36,"column":48}}},"10":{"name":"(anonymous_10)","line":39,"loc":{"start":{"line":39,"column":65},"end":{"line":39,"column":80}}},"11":{"name":"(anonymous_11)","line":43,"loc":{"start":{"line":43,"column":11},"end":{"line":43,"column":26}}}},"statementMap":{"1":{"start":{"line":2,"column":0},"end":{"line":7,"column":2}},"2":{"start":{"line":3,"column":4},"end":{"line":3,"column":129}},"3":{"start":{"line":4,"column":4},"end":{"line":5,"column":150}},"4":{"start":{"line":4,"column":79},"end":{"line":4,"column":131}},"5":{"start":{"line":5,"column":9},"end":{"line":5,"column":150}},"6":{"start":{"line":5,"column":58},"end":{"line":5,"column":150}},"7":{"start":{"line":5,"column":81},"end":{"line":5,"column":150}},"8":{"start":{"line":6,"column":4},"end":{"line":6,"column":66}},"9":{"start":{"line":8,"column":0},"end":{"line":10,"column":2}},"10":{"start":{"line":9,"column":4},"end":{"line":9,"column":109}},"11":{"start":{"line":9,"column":79},"end":{"line":9,"column":109}},"12":{"start":{"line":11,"column":0},"end":{"line":11,"column":38}},"13":{"start":{"line":12,"column":0},"end":{"line":12,"column":39}},"14":{"start":{"line":13,"column":0},"end":{"line":13,"column":42}},"15":{"start":{"line":14,"column":0},"end":{"line":14,"column":54}},"16":{"start":{"line":15,"column":0},"end":{"line":68,"column":5}},"17":{"start":{"line":16,"column":4},"end":{"line":32,"column":5}},"18":{"start":{"line":17,"column":8},"end":{"line":17,"column":25}},"19":{"start":{"line":18,"column":8},"end":{"line":18,"column":39}},"20":{"start":{"line":19,"column":8},"end":{"line":19,"column":45}},"21":{"start":{"line":20,"column":8},"end":{"line":20,"column":32}},"22":{"start":{"line":21,"column":8},"end":{"line":21,"column":32}},"23":{"start":{"line":22,"column":8},"end":{"line":22,"column":28}},"24":{"start":{"line":23,"column":8},"end":{"line":31,"column":17}},"25":{"start":{"line":24,"column":12},"end":{"line":30,"column":15}},"26":{"start":{"line":25,"column":16},"end":{"line":25,"column":41}},"27":{"start":{"line":26,"column":16},"end":{"line":26,"column":94}},"28":{"start":{"line":28,"column":16},"end":{"line":28,"column":41}},"29":{"start":{"line":29,"column":16},"end":{"line":29,"column":88}},"30":{"start":{"line":33,"column":4},"end":{"line":35,"column":6}},"31":{"start":{"line":34,"column":8},"end":{"line":34,"column":45}},"32":{"start":{"line":36,"column":4},"end":{"line":47,"column":6}},"33":{"start":{"line":37,"column":8},"end":{"line":37,"column":25}},"34":{"start":{"line":38,"column":8},"end":{"line":38,"column":31}},"35":{"start":{"line":39,"column":8},"end":{"line":46,"column":11}},"36":{"start":{"line":40,"column":12},"end":{"line":40,"column":63}},"37":{"start":{"line":41,"column":12},"end":{"line":41,"column":90}},"38":{"start":{"line":42,"column":12},"end":{"line":42,"column":37}},"39":{"start":{"line":44,"column":12},"end":{"line":44,"column":84}},"40":{"start":{"line":45,"column":12},"end":{"line":45,"column":37}},"41":{"start":{"line":48,"column":4},"end":{"line":51,"column":43}},"42":{"start":{"line":52,"column":4},"end":{"line":55,"column":48}},"43":{"start":{"line":56,"column":4},"end":{"line":59,"column":49}},"44":{"start":{"line":60,"column":4},"end":{"line":66,"column":17}},"45":{"start":{"line":67,"column":4},"end":{"line":67,"column":20}},"46":{"start":{"line":69,"column":0},"end":{"line":69,"column":28}}},"branchMap":{"1":{"line":2,"type":"binary-expr","locations":[{"start":{"line":2,"column":18},"end":{"line":2,"column":22}},{"start":{"line":2,"column":26},"end":{"line":2,"column":41}},{"start":{"line":2,"column":46},"end":{"line":7,"column":1}}]},"2":{"line":3,"type":"cond-expr","locations":[{"start":{"line":3,"column":42},"end":{"line":3,"column":48}},{"start":{"line":3,"column":51},"end":{"line":3,"column":125}}]},"3":{"line":3,"type":"cond-expr","locations":[{"start":{"line":3,"column":67},"end":{"line":3,"column":118}},{"start":{"line":3,"column":121},"end":{"line":3,"column":125}}]},"4":{"line":4,"type":"if","locations":[{"start":{"line":4,"column":4},"end":{"line":4,"column":4}},{"start":{"line":4,"column":4},"end":{"line":4,"column":4}}]},"5":{"line":4,"type":"binary-expr","locations":[{"start":{"line":4,"column":8},"end":{"line":4,"column":35}},{"start":{"line":4,"column":39},"end":{"line":4,"column":77}}]},"6":{"line":5,"type":"if","locations":[{"start":{"line":5,"column":58},"end":{"line":5,"column":58}},{"start":{"line":5,"column":58},"end":{"line":5,"column":58}}]},"7":{"line":5,"type":"binary-expr","locations":[{"start":{"line":5,"column":86},"end":{"line":5,"column":143}},{"start":{"line":5,"column":148},"end":{"line":5,"column":149}}]},"8":{"line":5,"type":"cond-expr","locations":[{"start":{"line":5,"column":94},"end":{"line":5,"column":98}},{"start":{"line":5,"column":101},"end":{"line":5,"column":143}}]},"9":{"line":5,"type":"cond-expr","locations":[{"start":{"line":5,"column":109},"end":{"line":5,"column":126}},{"start":{"line":5,"column":129},"end":{"line":5,"column":143}}]},"10":{"line":6,"type":"binary-expr","locations":[{"start":{"line":6,"column":11},"end":{"line":6,"column":16}},{"start":{"line":6,"column":20},"end":{"line":6,"column":21}},{"start":{"line":6,"column":25},"end":{"line":6,"column":62}}]},"11":{"line":8,"type":"binary-expr","locations":[{"start":{"line":8,"column":18},"end":{"line":8,"column":22}},{"start":{"line":8,"column":26},"end":{"line":8,"column":41}},{"start":{"line":8,"column":46},"end":{"line":10,"column":1}}]},"12":{"line":9,"type":"if","locations":[{"start":{"line":9,"column":4},"end":{"line":9,"column":4}},{"start":{"line":9,"column":4},"end":{"line":9,"column":4}}]},"13":{"line":9,"type":"binary-expr","locations":[{"start":{"line":9,"column":8},"end":{"line":9,"column":35}},{"start":{"line":9,"column":39},"end":{"line":9,"column":77}}]},"14":{"line":24,"type":"binary-expr","locations":[{"start":{"line":24,"column":41},"end":{"line":24,"column":56}},{"start":{"line":24,"column":60},"end":{"line":24,"column":70}}]}},"code":["\"use strict\";","var __decorate = (this && this.__decorate) || function (decorators, target, key, desc) {","    var c = arguments.length, r = c < 3 ? target : desc === null ? desc = Object.getOwnPropertyDescriptor(target, key) : desc, d;","    if (typeof Reflect === \"object\" && typeof Reflect.decorate === \"function\") r = Reflect.decorate(decorators, target, key, desc);","    else for (var i = decorators.length - 1; i >= 0; i--) if (d = decorators[i]) r = (c < 3 ? d(r) : c > 3 ? d(target, key, r) : d(target, key)) || r;","    return c > 3 && r && Object.defineProperty(target, key, r), r;","};","var __metadata = (this && this.__metadata) || function (k, v) {","    if (typeof Reflect === \"object\" && typeof Reflect.metadata === \"function\") return Reflect.metadata(k, v);","};","var core_1 = require('@angular/core');","var task_svc_1 = require(\"./task-svc\");","var utils_1 = require('../../core/utils');","var toaster_svc_1 = require('../toaster/toaster-svc');","var TaskItem = (function () {","    function TaskItem(taskService, toasterService) {","        var _this = this;","        this.taskService = taskService;","        this.toasterService = toasterService;","        this.isRemoving = false;","        this.isUpdating = false;","        this.inputTask = '';","        this.updateTask = utils_1.debounce(function () {","            _this.taskService.updateTask(_this.inputTask || 'Untitled', _this.task.task_id).subscribe(function (res) {","                _this.isUpdating = false;","                _this.toasterService.success(\"Successfully updated task \" + _this.taskNumber);","            }, function (err) {","                _this.isUpdating = false;","                _this.toasterService.error(\"Unable to update task \" + _this.taskNumber);","            });","        }, 1000);","    }","    TaskItem.prototype.ngOnInit = function () {","        this.inputTask = this.task.task_name;","    };","    TaskItem.prototype.removeTask = function () {","        var _this = this;","        this.isRemoving = true;","        this.taskService.removeTask(this.task.task_id).subscribe(function (res) {","            _this.taskService.tasks.splice(_this.taskIndex, 1);","            _this.toasterService.success(\"Successfully removed task \" + _this.taskNumber);","            _this.isRemoving = false;","        }, function (err) {","            _this.toasterService.error(\"Unable to remove task \" + _this.taskNumber);","            _this.isRemoving = false;","        });","    };","    __decorate([","        core_1.Input(), ","        __metadata('design:type', Object)","    ], TaskItem.prototype, \"task\", void 0);","    __decorate([","        core_1.Input(), ","        __metadata('design:type', Object)","    ], TaskItem.prototype, \"taskIndex\", void 0);","    __decorate([","        core_1.Input(), ","        __metadata('design:type', Object)","    ], TaskItem.prototype, \"taskNumber\", void 0);","    TaskItem = __decorate([","        core_1.Component({","            selector: 'task-item',","            template: \"\\n        <div class=\\\"task-item\\\" [class.isRemoving]=\\\"isRemoving\\\">\\n            <button [class.isUpdating]=\\\"isUpdating || isRemoving\\\"\\n                    class=\\\"task-item__remove btn btn-grey-transparent btn-square\\\"\\n                    (click)=\\\"removeTask()\\\">\\n                <i class=\\\"fa fa-times\\\"></i>\\n            </button>\\n            <div class=\\\"task-item__number\\\">\\n                <span>{{taskNumber}}</span>\\n                <i class=\\\"fa fa-pencil\\\"></i>\\n            </div>\\n            <div class=\\\"task-item__name\\\">\\n                <input type=\\\"text\\\"\\n                       [(ngModel)]=\\\"inputTask\\\"\\n                       placeholder=\\\"Untitled\\\"\\n                       (keyup)=\\\"updateTask(); isUpdating = true;\\\">\\n            </div>\\n            <i [style.display]=\\\"isUpdating?'block':'none'\\\"\\n               class=\\\"task-item__loading fa fa-refresh fa-spin fa-3x fa-fw\\\"></i>\\n\\t\\t</div>\\n    \"","        }), ","        __metadata('design:paramtypes', [task_svc_1.TaskService, toaster_svc_1.ToasterService])","    ], TaskItem);","    return TaskItem;","}());","exports.TaskItem = TaskItem;",""],"l":{"2":1,"3":4,"4":4,"5":0,"6":4,"8":1,"9":4,"11":1,"12":1,"13":1,"14":1,"15":1,"16":1,"17":0,"18":0,"19":0,"20":0,"21":0,"22":0,"23":0,"24":0,"25":0,"26":0,"28":0,"29":0,"33":1,"34":0,"36":1,"37":0,"38":0,"39":0,"40":0,"41":0,"42":0,"44":0,"45":0,"48":1,"52":1,"56":1,"60":1,"67":1,"69":1}},
"/Users/tonylefler/Documents/projects/home-project/app/core/utils.ts":{"path":"/Users/tonylefler/Documents/projects/home-project/app/core/utils.ts","s":{"1":1,"2":0,"3":0,"4":0,"5":0,"6":0,"7":0,"8":0,"9":0,"10":0,"11":0,"12":0,"13":0,"14":0,"15":0,"16":1,"17":1,"18":2,"19":2,"20":2,"21":2,"22":2,"23":16,"24":16,"25":1,"26":16,"27":2,"28":0,"29":0,"30":0,"31":1},"b":{"1":[0,0],"2":[0,0],"3":[0,0],"4":[0,0],"5":[2,2],"6":[2,0],"7":[0,0]},"f":{"1":0,"2":0,"3":0,"4":2,"5":16,"6":0},"fnMap":{"1":{"name":"debounce","line":10,"loc":{"start":{"line":10,"column":0},"end":{"line":10,"column":41}}},"2":{"name":"(anonymous_2)","line":13,"loc":{"start":{"line":13,"column":11},"end":{"line":13,"column":23}}},"3":{"name":"(anonymous_3)","line":15,"loc":{"start":{"line":15,"column":20},"end":{"line":15,"column":32}}},"4":{"name":"guid","line":32,"loc":{"start":{"line":32,"column":0},"end":{"line":32,"column":16}}},"5":{"name":"(anonymous_5)","line":38,"loc":{"start":{"line":38,"column":17},"end":{"line":38,"column":32}}},"6":{"name":"(anonymous_6)","line":49,"loc":{"start":{"line":49,"column":71},"end":{"line":49,"column":84}}}},"statementMap":{"1":{"start":{"line":10,"column":0},"end":{"line":26,"column":1}},"2":{"start":{"line":11,"column":4},"end":{"line":11,"column":52}},"3":{"start":{"line":11,"column":32},"end":{"line":11,"column":50}},"4":{"start":{"line":12,"column":4},"end":{"line":12,"column":16}},"5":{"start":{"line":13,"column":4},"end":{"line":25,"column":6}},"6":{"start":{"line":14,"column":8},"end":{"line":14,"column":45}},"7":{"start":{"line":15,"column":8},"end":{"line":19,"column":10}},"8":{"start":{"line":16,"column":12},"end":{"line":16,"column":27}},"9":{"start":{"line":17,"column":12},"end":{"line":18,"column":42}},"10":{"start":{"line":18,"column":16},"end":{"line":18,"column":42}},"11":{"start":{"line":20,"column":8},"end":{"line":20,"column":44}},"12":{"start":{"line":21,"column":8},"end":{"line":21,"column":30}},"13":{"start":{"line":22,"column":8},"end":{"line":22,"column":42}},"14":{"start":{"line":23,"column":8},"end":{"line":24,"column":38}},"15":{"start":{"line":24,"column":12},"end":{"line":24,"column":38}},"16":{"start":{"line":27,"column":0},"end":{"line":27,"column":28}},"17":{"start":{"line":32,"column":0},"end":{"line":54,"column":1}},"18":{"start":{"line":34,"column":4},"end":{"line":34,"column":117}},"19":{"start":{"line":35,"column":4},"end":{"line":53,"column":5}},"20":{"start":{"line":36,"column":8},"end":{"line":36,"column":37}},"21":{"start":{"line":37,"column":8},"end":{"line":37,"column":43}},"22":{"start":{"line":38,"column":8},"end":{"line":44,"column":10}},"23":{"start":{"line":39,"column":12},"end":{"line":39,"column":39}},"24":{"start":{"line":40,"column":12},"end":{"line":42,"column":13}},"25":{"start":{"line":41,"column":16},"end":{"line":41,"column":32}},"26":{"start":{"line":43,"column":12},"end":{"line":43,"column":23}},"27":{"start":{"line":45,"column":8},"end":{"line":45,"column":143}},"28":{"start":{"line":49,"column":8},"end":{"line":52,"column":11}},"29":{"start":{"line":50,"column":12},"end":{"line":50,"column":79}},"30":{"start":{"line":51,"column":12},"end":{"line":51,"column":34}},"31":{"start":{"line":55,"column":0},"end":{"line":55,"column":20}}},"branchMap":{"1":{"line":11,"type":"if","locations":[{"start":{"line":11,"column":4},"end":{"line":11,"column":4}},{"start":{"line":11,"column":4},"end":{"line":11,"column":4}}]},"2":{"line":17,"type":"if","locations":[{"start":{"line":17,"column":12},"end":{"line":17,"column":12}},{"start":{"line":17,"column":12},"end":{"line":17,"column":12}}]},"3":{"line":20,"type":"binary-expr","locations":[{"start":{"line":20,"column":22},"end":{"line":20,"column":31}},{"start":{"line":20,"column":35},"end":{"line":20,"column":43}}]},"4":{"line":23,"type":"if","locations":[{"start":{"line":23,"column":8},"end":{"line":23,"column":8}},{"start":{"line":23,"column":8},"end":{"line":23,"column":8}}]},"5":{"line":34,"type":"binary-expr","locations":[{"start":{"line":34,"column":21},"end":{"line":34,"column":58}},{"start":{"line":34,"column":62},"end":{"line":34,"column":115}}]},"6":{"line":35,"type":"if","locations":[{"start":{"line":35,"column":4},"end":{"line":35,"column":4}},{"start":{"line":35,"column":4},"end":{"line":35,"column":4}}]},"7":{"line":50,"type":"cond-expr","locations":[{"start":{"line":50,"column":59},"end":{"line":50,"column":60}},{"start":{"line":50,"column":64},"end":{"line":50,"column":77}}]}},"code":["/**"," * small debounce function"," * pulled from -> https://davidwalsh.name/javascript-debounce-function"," * @param func"," * @param wait"," * @param immediate"," * @return {()=>undefined}"," */","\"use strict\";","function debounce(func, wait, immediate) {","    if (immediate === void 0) { immediate = false; }","    var timeout;","    return function () {","        var context = this, args = arguments;","        var later = function () {","            timeout = null;","            if (!immediate)","                func.apply(context, args);","        };","        var callNow = immediate && !timeout;","        clearTimeout(timeout);","        timeout = setTimeout(later, wait);","        if (callNow)","            func.apply(context, args);","    };","}","exports.debounce = debounce;","/**"," * guid generator"," * @returns {Function}"," */","function guid() {","    // Use crypto if available and fallback to Math.random","    var hasCrypto = (typeof (window.crypto) != 'undefined' && typeof (window.crypto.getRandomValues) != 'undefined');","    if (hasCrypto) {","        var buf = new Uint16Array(8);","        window.crypto.getRandomValues(buf);","        var S4 = function (num) {","            var ret = num.toString(16);","            while (ret.length < 4) {","                ret = \"0\" + ret;","            }","            return ret;","        };","        return (S4(buf[0]) + S4(buf[1]) + \"-\" + S4(buf[2]) + \"-\" + S4(buf[3]) + \"-\" + S4(buf[4]) + \"-\" + S4(buf[5]) + S4(buf[6]) + S4(buf[7]));","    }","    else {","        // Otherwise, just use Math.random","        return 'xxxxxxxx-xxxx-4xxx-yxxx-xxxxxxxxxxxx'.replace(/[xy]/g, function (c) {","            var r = Math.random() * 16 | 0, v = c == 'x' ? r : (r & 0x3 | 0x8);","            return v.toString(16);","        });","    }","}","exports.guid = guid;",""],"l":{"10":1,"11":0,"12":0,"13":0,"14":0,"15":0,"16":0,"17":0,"18":0,"20":0,"21":0,"22":0,"23":0,"24":0,"27":1,"32":1,"34":2,"35":2,"36":2,"37":2,"38":2,"39":16,"40":16,"41":1,"43":16,"45":2,"49":0,"50":0,"51":0,"55":1}},
"/Users/tonylefler/Documents/projects/home-project/app/components/toaster/toaster-svc.ts":{"path":"/Users/tonylefler/Documents/projects/home-project/app/components/toaster/toaster-svc.ts","s":{"1":1,"2":1,"3":1,"4":1,"5":0,"6":0,"7":0,"8":1,"9":1,"10":1,"11":1,"12":1,"13":1,"14":1,"15":1,"16":1,"17":1,"18":1,"19":0,"20":1,"21":0,"22":1,"23":0,"24":0,"25":0,"26":0,"27":0,"28":0,"29":0,"30":0,"31":0,"32":0,"33":0,"34":0,"35":1,"36":0,"37":0,"38":0,"39":1,"40":1,"41":1},"b":{"1":[1,1,1],"2":[1,0],"3":[0,0],"4":[1,0],"5":[1,1],"6":[0,0],"7":[0,0],"8":[0,0],"9":[0,0],"10":[1,0,0],"11":[1,1,1],"12":[1,0],"13":[1,1],"14":[0,0],"15":[0,0],"16":[0,0],"17":[0,0]},"f":{"1":1,"2":1,"3":1,"4":1,"5":0,"6":0,"7":0,"8":0,"9":0,"10":0},"fnMap":{"1":{"name":"(anonymous_1)","line":2,"loc":{"start":{"line":2,"column":46},"end":{"line":2,"column":87}}},"2":{"name":"(anonymous_2)","line":8,"loc":{"start":{"line":8,"column":46},"end":{"line":8,"column":62}}},"3":{"name":"(anonymous_3)","line":13,"loc":{"start":{"line":13,"column":22},"end":{"line":13,"column":34}}},"4":{"name":"ToasterService","line":14,"loc":{"start":{"line":14,"column":4},"end":{"line":14,"column":30}}},"5":{"name":"(anonymous_5)","line":18,"loc":{"start":{"line":18,"column":39},"end":{"line":18,"column":57}}},"6":{"name":"(anonymous_6)","line":22,"loc":{"start":{"line":22,"column":37},"end":{"line":22,"column":55}}},"7":{"name":"(anonymous_7)","line":31,"loc":{"start":{"line":31,"column":45},"end":{"line":31,"column":73}}},"8":{"name":"(anonymous_8)","line":39,"loc":{"start":{"line":39,"column":23},"end":{"line":39,"column":35}}},"9":{"name":"(anonymous_9)","line":40,"loc":{"start":{"line":40,"column":39},"end":{"line":40,"column":65}}},"10":{"name":"(anonymous_10)","line":57,"loc":{"start":{"line":57,"column":45},"end":{"line":57,"column":69}}}},"statementMap":{"1":{"start":{"line":2,"column":0},"end":{"line":7,"column":2}},"2":{"start":{"line":3,"column":4},"end":{"line":3,"column":129}},"3":{"start":{"line":4,"column":4},"end":{"line":5,"column":150}},"4":{"start":{"line":4,"column":79},"end":{"line":4,"column":131}},"5":{"start":{"line":5,"column":9},"end":{"line":5,"column":150}},"6":{"start":{"line":5,"column":58},"end":{"line":5,"column":150}},"7":{"start":{"line":5,"column":81},"end":{"line":5,"column":150}},"8":{"start":{"line":6,"column":4},"end":{"line":6,"column":66}},"9":{"start":{"line":8,"column":0},"end":{"line":10,"column":2}},"10":{"start":{"line":9,"column":4},"end":{"line":9,"column":109}},"11":{"start":{"line":9,"column":79},"end":{"line":9,"column":109}},"12":{"start":{"line":11,"column":0},"end":{"line":11,"column":38}},"13":{"start":{"line":12,"column":0},"end":{"line":12,"column":42}},"14":{"start":{"line":13,"column":0},"end":{"line":71,"column":5}},"15":{"start":{"line":14,"column":4},"end":{"line":17,"column":5}},"16":{"start":{"line":15,"column":8},"end":{"line":15,"column":27}},"17":{"start":{"line":16,"column":8},"end":{"line":16,"column":29}},"18":{"start":{"line":18,"column":4},"end":{"line":20,"column":6}},"19":{"start":{"line":19,"column":8},"end":{"line":19,"column":46}},"20":{"start":{"line":22,"column":4},"end":{"line":24,"column":6}},"21":{"start":{"line":23,"column":8},"end":{"line":23,"column":44}},"22":{"start":{"line":31,"column":4},"end":{"line":51,"column":6}},"23":{"start":{"line":32,"column":8},"end":{"line":32,"column":25}},"24":{"start":{"line":33,"column":8},"end":{"line":33,"column":48}},"25":{"start":{"line":33,"column":32},"end":{"line":33,"column":46}},"26":{"start":{"line":34,"column":8},"end":{"line":34,"column":30}},"27":{"start":{"line":35,"column":8},"end":{"line":50,"column":9}},"28":{"start":{"line":36,"column":12},"end":{"line":36,"column":50}},"29":{"start":{"line":39,"column":12},"end":{"line":49,"column":30}},"30":{"start":{"line":40,"column":16},"end":{"line":43,"column":19}},"31":{"start":{"line":41,"column":20},"end":{"line":42,"column":45}},"32":{"start":{"line":42,"column":24},"end":{"line":42,"column":45}},"33":{"start":{"line":46,"column":16},"end":{"line":48,"column":17}},"34":{"start":{"line":47,"column":20},"end":{"line":47,"column":59}},"35":{"start":{"line":57,"column":4},"end":{"line":65,"column":6}},"36":{"start":{"line":58,"column":8},"end":{"line":62,"column":10}},"37":{"start":{"line":63,"column":8},"end":{"line":63,"column":39}},"38":{"start":{"line":64,"column":8},"end":{"line":64,"column":42}},"39":{"start":{"line":66,"column":4},"end":{"line":69,"column":23}},"40":{"start":{"line":70,"column":4},"end":{"line":70,"column":26}},"41":{"start":{"line":72,"column":0},"end":{"line":72,"column":40}}},"branchMap":{"1":{"line":2,"type":"binary-expr","locations":[{"start":{"line":2,"column":18},"end":{"line":2,"column":22}},{"start":{"line":2,"column":26},"end":{"line":2,"column":41}},{"start":{"line":2,"column":46},"end":{"line":7,"column":1}}]},"2":{"line":3,"type":"cond-expr","locations":[{"start":{"line":3,"column":42},"end":{"line":3,"column":48}},{"start":{"line":3,"column":51},"end":{"line":3,"column":125}}]},"3":{"line":3,"type":"cond-expr","locations":[{"start":{"line":3,"column":67},"end":{"line":3,"column":118}},{"start":{"line":3,"column":121},"end":{"line":3,"column":125}}]},"4":{"line":4,"type":"if","locations":[{"start":{"line":4,"column":4},"end":{"line":4,"column":4}},{"start":{"line":4,"column":4},"end":{"line":4,"column":4}}]},"5":{"line":4,"type":"binary-expr","locations":[{"start":{"line":4,"column":8},"end":{"line":4,"column":35}},{"start":{"line":4,"column":39},"end":{"line":4,"column":77}}]},"6":{"line":5,"type":"if","locations":[{"start":{"line":5,"column":58},"end":{"line":5,"column":58}},{"start":{"line":5,"column":58},"end":{"line":5,"column":58}}]},"7":{"line":5,"type":"binary-expr","locations":[{"start":{"line":5,"column":86},"end":{"line":5,"column":143}},{"start":{"line":5,"column":148},"end":{"line":5,"column":149}}]},"8":{"line":5,"type":"cond-expr","locations":[{"start":{"line":5,"column":94},"end":{"line":5,"column":98}},{"start":{"line":5,"column":101},"end":{"line":5,"column":143}}]},"9":{"line":5,"type":"cond-expr","locations":[{"start":{"line":5,"column":109},"end":{"line":5,"column":126}},{"start":{"line":5,"column":129},"end":{"line":5,"column":143}}]},"10":{"line":6,"type":"binary-expr","locations":[{"start":{"line":6,"column":11},"end":{"line":6,"column":16}},{"start":{"line":6,"column":20},"end":{"line":6,"column":21}},{"start":{"line":6,"column":25},"end":{"line":6,"column":62}}]},"11":{"line":8,"type":"binary-expr","locations":[{"start":{"line":8,"column":18},"end":{"line":8,"column":22}},{"start":{"line":8,"column":26},"end":{"line":8,"column":41}},{"start":{"line":8,"column":46},"end":{"line":10,"column":1}}]},"12":{"line":9,"type":"if","locations":[{"start":{"line":9,"column":4},"end":{"line":9,"column":4}},{"start":{"line":9,"column":4},"end":{"line":9,"column":4}}]},"13":{"line":9,"type":"binary-expr","locations":[{"start":{"line":9,"column":8},"end":{"line":9,"column":35}},{"start":{"line":9,"column":39},"end":{"line":9,"column":77}}]},"14":{"line":33,"type":"if","locations":[{"start":{"line":33,"column":8},"end":{"line":33,"column":8}},{"start":{"line":33,"column":8},"end":{"line":33,"column":8}}]},"15":{"line":35,"type":"if","locations":[{"start":{"line":35,"column":8},"end":{"line":35,"column":8}},{"start":{"line":35,"column":8},"end":{"line":35,"column":8}}]},"16":{"line":41,"type":"if","locations":[{"start":{"line":41,"column":20},"end":{"line":41,"column":20}},{"start":{"line":41,"column":20},"end":{"line":41,"column":20}}]},"17":{"line":46,"type":"if","locations":[{"start":{"line":46,"column":16},"end":{"line":46,"column":16}},{"start":{"line":46,"column":16},"end":{"line":46,"column":16}}]}},"code":["\"use strict\";","var __decorate = (this && this.__decorate) || function (decorators, target, key, desc) {","    var c = arguments.length, r = c < 3 ? target : desc === null ? desc = Object.getOwnPropertyDescriptor(target, key) : desc, d;","    if (typeof Reflect === \"object\" && typeof Reflect.decorate === \"function\") r = Reflect.decorate(decorators, target, key, desc);","    else for (var i = decorators.length - 1; i >= 0; i--) if (d = decorators[i]) r = (c < 3 ? d(r) : c > 3 ? d(target, key, r) : d(target, key)) || r;","    return c > 3 && r && Object.defineProperty(target, key, r), r;","};","var __metadata = (this && this.__metadata) || function (k, v) {","    if (typeof Reflect === \"object\" && typeof Reflect.metadata === \"function\") return Reflect.metadata(k, v);","};","var core_1 = require('@angular/core');","var utils_1 = require('../../core/utils');","var ToasterService = (function () {","    function ToasterService() {","        this.toasters = [];","        this.duration = 7000;","    }","    ToasterService.prototype.success = function (notice) {","        this.createToaster(notice, 'success');","    };","    ;","    ToasterService.prototype.error = function (notice) {","        this.createToaster(notice, 'error');","    };","    ;","    /**","     * remove toaster","     * @param toasterId {string}","     * @param force {boolean} immediately close toaster","     */","    ToasterService.prototype.removeToaster = function (toasterId, force) {","        var _this = this;","        if (force === void 0) { force = false; }","        var toasterIndex = -1;","        if (force) {","            this.toasters.splice(toasterIndex, 1);","        }","        else {","            setTimeout(function () {","                _this.toasters.forEach(function (toaster, index) {","                    if (toaster.id == toasterId)","                        toasterIndex = index;","                });","                // check if toaster still exists","                // it might have been force closed by the user","                if (toasterIndex > -1) {","                    _this.toasters.splice(toasterIndex, 1);","                }","            }, this.duration);","        }","    };","    /**","     * create toaster","     * @param notice {string}","     * @param type {string}","     */","    ToasterService.prototype.createToaster = function (notice, type) {","        var newToaster = {","            id: utils_1.guid(),","            notice: notice,","            type: type","        };","        this.toasters.push(newToaster);","        this.removeToaster(newToaster.id);","    };","    ToasterService = __decorate([","        core_1.Injectable(), ","        __metadata('design:paramtypes', [])","    ], ToasterService);","    return ToasterService;","}());","exports.ToasterService = ToasterService;",""],"l":{"2":1,"3":1,"4":1,"5":0,"6":1,"8":1,"9":1,"11":1,"12":1,"13":1,"14":1,"15":1,"16":1,"18":1,"19":0,"22":1,"23":0,"31":1,"32":0,"33":0,"34":0,"35":0,"36":0,"39":0,"40":0,"41":0,"42":0,"46":0,"47":0,"57":1,"58":0,"63":0,"64":0,"66":1,"70":1,"72":1}}}
