TN:
SF:/Users/tonylefler/Documents/projects/home-project/app/components/task/task.ts
FN:2,(anonymous_1)
FN:8,(anonymous_2)
FN:15,(anonymous_3)
FN:16,TaskComponent
FN:23,(anonymous_5)
FN:27,(anonymous_6)
FN:32,(anonymous_7)
FN:38,(anonymous_8)
FN:41,(anonymous_9)
FNF:9
FNH:5
FNDA:1,(anonymous_1)
FNDA:1,(anonymous_2)
FNDA:1,(anonymous_3)
FNDA:1,TaskComponent
FNDA:1,(anonymous_5)
FNDA:0,(anonymous_6)
FNDA:0,(anonymous_7)
FNDA:0,(anonymous_8)
FNDA:0,(anonymous_9)
DA:2,1
DA:3,1
DA:4,1
DA:5,0
DA:6,1
DA:8,1
DA:9,1
DA:11,1
DA:12,1
DA:13,1
DA:14,1
DA:15,1
DA:16,1
DA:17,1
DA:18,1
DA:19,1
DA:20,1
DA:21,1
DA:23,1
DA:24,1
DA:27,1
DA:28,0
DA:29,0
DA:32,1
DA:33,0
DA:34,0
DA:35,0
DA:36,0
DA:37,0
DA:38,0
DA:39,0
DA:40,0
DA:43,0
DA:44,0
DA:45,0
DA:48,0
DA:52,1
DA:60,1
DA:62,1
LF:39
LH:24
BRDA:2,1,0,1
BRDA:2,1,1,1
BRDA:2,1,2,1
BRDA:3,2,0,1
BRDA:3,2,1,0
BRDA:3,3,0,0
BRDA:3,3,1,0
BRDA:4,4,0,1
BRDA:4,4,1,0
BRDA:4,5,0,1
BRDA:4,5,1,1
BRDA:5,6,0,0
BRDA:5,6,1,0
BRDA:5,7,0,0
BRDA:5,7,1,0
BRDA:5,8,0,0
BRDA:5,8,1,0
BRDA:5,9,0,0
BRDA:5,9,1,0
BRDA:6,10,0,1
BRDA:6,10,1,0
BRDA:6,10,2,0
BRDA:8,11,0,1
BRDA:8,11,1,1
BRDA:8,11,2,1
BRDA:9,12,0,1
BRDA:9,12,1,0
BRDA:9,13,0,1
BRDA:9,13,1,1
BRDA:28,14,0,0
BRDA:28,14,1,0
BRDA:34,15,0,0
BRDA:34,15,1,0
BRDA:34,16,0,0
BRDA:34,16,1,0
BRDA:38,17,0,0
BRDA:38,17,1,0
BRDA:48,18,0,0
BRDA:48,18,1,0
BRF:39
BRH:14
end_of_record
TN:
SF:/Users/tonylefler/Documents/projects/home-project/app/components/task/task-svc.ts
FN:2,(anonymous_1)
FN:8,(anonymous_2)
FN:14,(anonymous_3)
FN:15,TaskService
FN:21,(anonymous_5)
FN:30,(anonymous_6)
FN:31,(anonymous_7)
FN:37,(anonymous_8)
FN:49,(anonymous_9)
FN:61,(anonymous_10)
FN:71,(anonymous_11)
FN:75,(anonymous_12)
FNF:12
FNH:5
FNDA:1,(anonymous_1)
FNDA:1,(anonymous_2)
FNDA:1,(anonymous_3)
FNDA:1,TaskService
FNDA:1,(anonymous_5)
FNDA:0,(anonymous_6)
FNDA:0,(anonymous_7)
FNDA:0,(anonymous_8)
FNDA:0,(anonymous_9)
FNDA:0,(anonymous_10)
FNDA:0,(anonymous_11)
FNDA:0,(anonymous_12)
DA:2,1
DA:3,1
DA:4,1
DA:5,0
DA:6,1
DA:8,1
DA:9,1
DA:11,1
DA:12,1
DA:13,1
DA:14,1
DA:15,1
DA:16,1
DA:17,1
DA:18,1
DA:21,1
DA:22,1
DA:23,1
DA:27,1
DA:30,0
DA:32,0
DA:37,1
DA:38,0
DA:39,0
DA:43,0
DA:49,1
DA:50,0
DA:51,0
DA:55,0
DA:61,1
DA:62,0
DA:65,0
DA:71,1
DA:72,0
DA:73,0
DA:75,1
DA:76,0
DA:78,0
DA:79,0
DA:81,1
DA:85,1
DA:87,1
LF:42
LH:26
BRDA:2,1,0,1
BRDA:2,1,1,1
BRDA:2,1,2,1
BRDA:3,2,0,1
BRDA:3,2,1,0
BRDA:3,3,0,0
BRDA:3,3,1,0
BRDA:4,4,0,1
BRDA:4,4,1,0
BRDA:4,5,0,1
BRDA:4,5,1,1
BRDA:5,6,0,0
BRDA:5,6,1,0
BRDA:5,7,0,0
BRDA:5,7,1,0
BRDA:5,8,0,0
BRDA:5,8,1,0
BRDA:5,9,0,0
BRDA:5,9,1,0
BRDA:6,10,0,1
BRDA:6,10,1,0
BRDA:6,10,2,0
BRDA:8,11,0,1
BRDA:8,11,1,1
BRDA:8,11,2,1
BRDA:9,12,0,1
BRDA:9,12,1,0
BRDA:9,13,0,1
BRDA:9,13,1,1
BRDA:73,14,0,0
BRDA:73,14,1,0
BRDA:76,15,0,0
BRDA:76,15,1,0
BRDA:77,16,0,0
BRDA:77,16,1,0
BRF:35
BRH:14
end_of_record
TN:
SF:/Users/tonylefler/Documents/projects/home-project/app/components/task/task-item.ts
FN:2,(anonymous_1)
FN:8,(anonymous_2)
FN:15,(anonymous_3)
FN:16,TaskItem
FN:23,(anonymous_5)
FN:24,(anonymous_6)
FN:27,(anonymous_7)
FN:33,(anonymous_8)
FN:36,(anonymous_9)
FN:39,(anonymous_10)
FN:43,(anonymous_11)
FNF:11
FNH:3
FNDA:4,(anonymous_1)
FNDA:4,(anonymous_2)
FNDA:1,(anonymous_3)
FNDA:0,TaskItem
FNDA:0,(anonymous_5)
FNDA:0,(anonymous_6)
FNDA:0,(anonymous_7)
FNDA:0,(anonymous_8)
FNDA:0,(anonymous_9)
FNDA:0,(anonymous_10)
FNDA:0,(anonymous_11)
DA:2,1
DA:3,4
DA:4,4
DA:5,0
DA:6,4
DA:8,1
DA:9,4
DA:11,1
DA:12,1
DA:13,1
DA:14,1
DA:15,1
DA:16,1
DA:17,0
DA:18,0
DA:19,0
DA:20,0
DA:21,0
DA:22,0
DA:23,0
DA:24,0
DA:25,0
DA:26,0
DA:28,0
DA:29,0
DA:33,1
DA:34,0
DA:36,1
DA:37,0
DA:38,0
DA:39,0
DA:40,0
DA:41,0
DA:42,0
DA:44,0
DA:45,0
DA:48,1
DA:52,1
DA:56,1
DA:60,1
DA:67,1
DA:69,1
LF:42
LH:20
BRDA:2,1,0,1
BRDA:2,1,1,1
BRDA:2,1,2,1
BRDA:3,2,0,1
BRDA:3,2,1,3
BRDA:3,3,0,0
BRDA:3,3,1,3
BRDA:4,4,0,4
BRDA:4,4,1,0
BRDA:4,5,0,4
BRDA:4,5,1,4
BRDA:5,6,0,0
BRDA:5,6,1,0
BRDA:5,7,0,0
BRDA:5,7,1,0
BRDA:5,8,0,0
BRDA:5,8,1,0
BRDA:5,9,0,0
BRDA:5,9,1,0
BRDA:6,10,0,4
BRDA:6,10,1,3
BRDA:6,10,2,0
BRDA:8,11,0,1
BRDA:8,11,1,1
BRDA:8,11,2,1
BRDA:9,12,0,4
BRDA:9,12,1,0
BRDA:9,13,0,4
BRDA:9,13,1,4
BRDA:24,14,0,0
BRDA:24,14,1,0
BRF:31
BRH:17
end_of_record
TN:
SF:/Users/tonylefler/Documents/projects/home-project/app/core/utils.ts
FN:10,debounce
FN:13,(anonymous_2)
FN:15,(anonymous_3)
FN:32,guid
FN:38,(anonymous_5)
FN:49,(anonymous_6)
FNF:6
FNH:2
FNDA:0,debounce
FNDA:0,(anonymous_2)
FNDA:0,(anonymous_3)
FNDA:2,guid
FNDA:16,(anonymous_5)
FNDA:0,(anonymous_6)
DA:10,1
DA:11,0
DA:12,0
DA:13,0
DA:14,0
DA:15,0
DA:16,0
DA:17,0
DA:18,0
DA:20,0
DA:21,0
DA:22,0
DA:23,0
DA:24,0
DA:27,1
DA:32,1
DA:34,2
DA:35,2
DA:36,2
DA:37,2
DA:38,2
DA:39,16
DA:40,16
DA:41,1
DA:43,16
DA:45,2
DA:49,0
DA:50,0
DA:51,0
DA:55,1
LF:30
LH:14
BRDA:11,1,0,0
BRDA:11,1,1,0
BRDA:17,2,0,0
BRDA:17,2,1,0
BRDA:20,3,0,0
BRDA:20,3,1,0
BRDA:23,4,0,0
BRDA:23,4,1,0
BRDA:34,5,0,2
BRDA:34,5,1,2
BRDA:35,6,0,2
BRDA:35,6,1,0
BRDA:50,7,0,0
BRDA:50,7,1,0
BRF:14
BRH:3
end_of_record
TN:
SF:/Users/tonylefler/Documents/projects/home-project/app/components/toaster/toaster-svc.ts
FN:2,(anonymous_1)
FN:8,(anonymous_2)
FN:13,(anonymous_3)
FN:14,ToasterService
FN:18,(anonymous_5)
FN:22,(anonymous_6)
FN:31,(anonymous_7)
FN:39,(anonymous_8)
FN:40,(anonymous_9)
FN:57,(anonymous_10)
FNF:10
FNH:4
FNDA:1,(anonymous_1)
FNDA:1,(anonymous_2)
FNDA:1,(anonymous_3)
FNDA:1,ToasterService
FNDA:0,(anonymous_5)
FNDA:0,(anonymous_6)
FNDA:0,(anonymous_7)
FNDA:0,(anonymous_8)
FNDA:0,(anonymous_9)
FNDA:0,(anonymous_10)
DA:2,1
DA:3,1
DA:4,1
DA:5,0
DA:6,1
DA:8,1
DA:9,1
DA:11,1
DA:12,1
DA:13,1
DA:14,1
DA:15,1
DA:16,1
DA:18,1
DA:19,0
DA:22,1
DA:23,0
DA:31,1
DA:32,0
DA:33,0
DA:34,0
DA:35,0
DA:36,0
DA:39,0
DA:40,0
DA:41,0
DA:42,0
DA:46,0
DA:47,0
DA:57,1
DA:58,0
DA:63,0
DA:64,0
DA:66,1
DA:70,1
DA:72,1
LF:36
LH:19
BRDA:2,1,0,1
BRDA:2,1,1,1
BRDA:2,1,2,1
BRDA:3,2,0,1
BRDA:3,2,1,0
BRDA:3,3,0,0
BRDA:3,3,1,0
BRDA:4,4,0,1
BRDA:4,4,1,0
BRDA:4,5,0,1
BRDA:4,5,1,1
BRDA:5,6,0,0
BRDA:5,6,1,0
BRDA:5,7,0,0
BRDA:5,7,1,0
BRDA:5,8,0,0
BRDA:5,8,1,0
BRDA:5,9,0,0
BRDA:5,9,1,0
BRDA:6,10,0,1
BRDA:6,10,1,0
BRDA:6,10,2,0
BRDA:8,11,0,1
BRDA:8,11,1,1
BRDA:8,11,2,1
BRDA:9,12,0,1
BRDA:9,12,1,0
BRDA:9,13,0,1
BRDA:9,13,1,1
BRDA:33,14,0,0
BRDA:33,14,1,0
BRDA:35,15,0,0
BRDA:35,15,1,0
BRDA:41,16,0,0
BRDA:41,16,1,0
BRDA:46,17,0,0
BRDA:46,17,1,0
BRF:37
BRH:14
end_of_record
